[2m14:05:49[22m [31m[1m[vite][22m[39m [31m[2m(client)[22m[39m Pre-transform error: [@vue/compiler-sfc] `defineProps()` in <script setup> cannot reference locally declared variables because it will be hoisted outside of the setup() function. If your component options require initialization in the module scope, use a separate normal <script> to export the options instead.

D:/code/agdevops/frontend/src/components/cmdb/CmdbTopologyCanvas.vue
109|    labels: {
110|      type: Object,
111|      default: () => defaultLabels,
   |                     ^^^^^^^^^^^^^
112|    },
113|  })
  Plugin: [35mvite:vue[39m
  File: [36mD:/code/agdevops/frontend/src/components/cmdb/CmdbTopologyCanvas.vue[39m
[2m17:04:20[22m [31m[1m[vite][22m[39m [31mhttp proxy error: /api/cmdb/ci-types/[39m
Error: connect ECONNREFUSED 127.0.0.1:8000
    at TCPConnectWrap.afterConnect [as oncomplete] (node:net:1637:16)
[2m17:04:20[22m [31m[1m[vite][22m[39m [31mhttp proxy error: /api/cmdb/resource-nodes/tree/[39m
Error: connect ECONNREFUSED 127.0.0.1:8000
    at TCPConnectWrap.afterConnect [as oncomplete] (node:net:1637:16)
[2m17:04:20[22m [31m[1m[vite][22m[39m [31mhttp proxy error: /api/cmdb/config-items/?page=1[39m
Error: connect ECONNREFUSED 127.0.0.1:8000
    at TCPConnectWrap.afterConnect [as oncomplete] (node:net:1637:16)
[2m17:04:23[22m [31m[1m[vite][22m[39m [31mhttp proxy error: /api/cmdb/config-items/?page_size=999[39m
Error: connect ECONNREFUSED 127.0.0.1:8000
    at TCPConnectWrap.afterConnect [as oncomplete] (node:net:1637:16)
[2m17:04:23[22m [31m[1m[vite][22m[39m [31mhttp proxy error: /api/cmdb/topology/data/?scope=neighbors[39m
Error: connect ECONNREFUSED 127.0.0.1:8000
    at TCPConnectWrap.afterConnect [as oncomplete] (node:net:1637:16)
[2m17:04:24[22m [31m[1m[vite][22m[39m [31mhttp proxy error: /api/cmdb/config-items/?page=1[39m
Error: connect ECONNREFUSED 127.0.0.1:8000
    at TCPConnectWrap.afterConnect [as oncomplete] (node:net:1637:16)
[2m17:04:25[22m [31m[1m[vite][22m[39m [31mhttp proxy error: /api/cmdb/config-items/?page_size=999[39m
Error: connect ECONNREFUSED 127.0.0.1:8000
    at TCPConnectWrap.afterConnect [as oncomplete] (node:net:1637:16)
[2m17:04:25[22m [31m[1m[vite][22m[39m [31mhttp proxy error: /api/cmdb/topology/data/?scope=neighbors[39m
Error: connect ECONNREFUSED 127.0.0.1:8000
    at TCPConnectWrap.afterConnect [as oncomplete] (node:net:1637:16)
[2m17:04:26[22m [31m[1m[vite][22m[39m [31mhttp proxy error: /api/cmdb/config-items/?page=1[39m
Error: connect ECONNREFUSED 127.0.0.1:8000
    at TCPConnectWrap.afterConnect [as oncomplete] (node:net:1637:16)
[2m17:04:27[22m [31m[1m[vite][22m[39m [31mhttp proxy error: /api/cmdb/ci-types/[39m
Error: connect ECONNREFUSED 127.0.0.1:8000
    at TCPConnectWrap.afterConnect [as oncomplete] (node:net:1637:16)
[2m17:04:27[22m [31m[1m[vite][22m[39m [31mhttp proxy error: /api/cmdb/resource-nodes/tree/[39m
Error: connect ECONNREFUSED 127.0.0.1:8000
    at TCPConnectWrap.afterConnect [as oncomplete] (node:net:1637:16)
[2m17:04:27[22m [31m[1m[vite][22m[39m [31mhttp proxy error: /api/cmdb/config-items/?page=1[39m
Error: connect ECONNREFUSED 127.0.0.1:8000
    at TCPConnectWrap.afterConnect [as oncomplete] (node:net:1637:16)
[2m17:04:29[22m [31m[1m[vite][22m[39m [31mhttp proxy error: /api/cmdb/config-items/?page_size=999[39m
Error: connect ECONNREFUSED 127.0.0.1:8000
    at TCPConnectWrap.afterConnect [as oncomplete] (node:net:1637:16)
[2m17:04:29[22m [31m[1m[vite][22m[39m [31mhttp proxy error: /api/cmdb/topology/data/?scope=neighbors[39m
Error: connect ECONNREFUSED 127.0.0.1:8000
    at TCPConnectWrap.afterConnect [as oncomplete] (node:net:1637:16)
[2m17:04:30[22m [31m[1m[vite][22m[39m [31mhttp proxy error: /api/cmdb/config-items/?page=1[39m
Error: connect ECONNREFUSED 127.0.0.1:8000
    at TCPConnectWrap.afterConnect [as oncomplete] (node:net:1637:16)
[2m17:04:31[22m [31m[1m[vite][22m[39m [31mhttp proxy error: /api/cmdb/config-items/?page_size=999[39m
Error: connect ECONNREFUSED 127.0.0.1:8000
    at TCPConnectWrap.afterConnect [as oncomplete] (node:net:1637:16)
[2m17:04:31[22m [31m[1m[vite][22m[39m [31mhttp proxy error: /api/cmdb/topology/data/?scope=neighbors[39m
Error: connect ECONNREFUSED 127.0.0.1:8000
    at TCPConnectWrap.afterConnect [as oncomplete] (node:net:1637:16)
[2m18:26:50[22m [31m[1m[vite][22m[39m [31m[2m(client)[22m[39m Pre-transform error: [vue/compiler-sfc] Unexpected token (1017:0)

D:/code/agdevops/frontend/src/components/cmdb/CmdbTopologyCanvas.vue
1065|  })
1066|  
1067|  defineExpose({ fitView })
   |                             ^
1068|  </script>
   |  ^
1069|  
  Plugin: [35mvite:vue[39m
  File: [36mD:/code/agdevops/frontend/src/components/cmdb/CmdbTopologyCanvas.vue[39m:1017:0
[33m  1016|    const worldPoint = localToWorld(localPoint)
  1017|    const factor = event.deltaY < 0 ? 1.08 : 0.92
  1018|    const nextScale = Math.min(1.8, Math.max(0.45, viewport.value.scale * factor))
     |                                                    ^
  1019|  
  1020|    viewport.value = {[39m
[2m18:26:50[22m [31m[1m[vite][22m[39m [31mInternal server error: [vue/compiler-sfc] Unexpected token (1017:0)

D:/code/agdevops/frontend/src/components/cmdb/CmdbTopologyCanvas.vue
1065|  })
1066|  
1067|  defineExpose({ fitView })
   |                             ^
1068|  </script>
   |  ^
1069|  [39m
  Plugin: [35mvite:vue[39m
  File: [36mD:/code/agdevops/frontend/src/components/cmdb/CmdbTopologyCanvas.vue[39m:1017:0
[33m  1016|    const worldPoint = localToWorld(localPoint)
  1017|    const factor = event.deltaY < 0 ? 1.08 : 0.92
  1018|    const nextScale = Math.min(1.8, Math.max(0.45, viewport.value.scale * factor))
     |                                                    ^
  1019|  
  1020|    viewport.value = {[39m
      at constructor (D:\code\agdevops\frontend\node_modules\@babel\parser\lib\index.js:365:19)
      at Parser.raise (D:\code\agdevops\frontend\node_modules\@babel\parser\lib\index.js:6599:19)
      at Parser.unexpected (D:\code\agdevops\frontend\node_modules\@babel\parser\lib\index.js:6619:16)
      at Parser.parseExprAtom (D:\code\agdevops\frontend\node_modules\@babel\parser\lib\index.js:11442:22)
      at Parser.parseExprSubscripts (D:\code\agdevops\frontend\node_modules\@babel\parser\lib\index.js:11081:23)
      at Parser.parseUpdate (D:\code\agdevops\frontend\node_modules\@babel\parser\lib\index.js:11066:21)
      at Parser.parseMaybeUnary (D:\code\agdevops\frontend\node_modules\@babel\parser\lib\index.js:11046:23)
      at Parser.parseMaybeUnaryOrPrivate (D:\code\agdevops\frontend\node_modules\@babel\parser\lib\index.js:10899:61)
      at Parser.parseExprOps (D:\code\agdevops\frontend\node_modules\@babel\parser\lib\index.js:10904:23)
      at Parser.parseMaybeConditional (D:\code\agdevops\frontend\node_modules\@babel\parser\lib\index.js:10881:23)
[2m18:26:56[22m [31m[1m[vite][22m[39m [31mInternal server error: [vue/compiler-sfc] Unexpected token (1017:0)

D:/code/agdevops/frontend/src/components/cmdb/CmdbTopologyCanvas.vue
1065|  })
1066|  
1067|  defineExpose({ fitView })
   |                             ^
1068|  </script>
   |  ^
1069|  [39m
  Plugin: [35mvite:vue[39m
  File: [36mD:/code/agdevops/frontend/src/components/cmdb/CmdbTopologyCanvas.vue[39m:1017:0
[33m  1016|    const worldPoint = localToWorld(localPoint)
  1017|    const factor = event.deltaY < 0 ? 1.08 : 0.92
  1018|    const nextScale = Math.min(1.8, Math.max(0.45, viewport.value.scale * factor))
     |                                                    ^
  1019|  
  1020|    viewport.value = {[39m
      at constructor (D:\code\agdevops\frontend\node_modules\@babel\parser\lib\index.js:365:19)
      at Parser.raise (D:\code\agdevops\frontend\node_modules\@babel\parser\lib\index.js:6599:19)
      at Parser.unexpected (D:\code\agdevops\frontend\node_modules\@babel\parser\lib\index.js:6619:16)
      at Parser.parseExprAtom (D:\code\agdevops\frontend\node_modules\@babel\parser\lib\index.js:11442:22)
      at Parser.parseExprSubscripts (D:\code\agdevops\frontend\node_modules\@babel\parser\lib\index.js:11081:23)
      at Parser.parseUpdate (D:\code\agdevops\frontend\node_modules\@babel\parser\lib\index.js:11066:21)
      at Parser.parseMaybeUnary (D:\code\agdevops\frontend\node_modules\@babel\parser\lib\index.js:11046:23)
      at Parser.parseMaybeUnaryOrPrivate (D:\code\agdevops\frontend\node_modules\@babel\parser\lib\index.js:10899:61)
      at Parser.parseExprOps (D:\code\agdevops\frontend\node_modules\@babel\parser\lib\index.js:10904:23)
      at Parser.parseMaybeConditional (D:\code\agdevops\frontend\node_modules\@babel\parser\lib\index.js:10881:23)
[2m18:26:59[22m [31m[1m[vite][22m[39m [31mInternal server error: [vue/compiler-sfc] Unexpected token (1017:0)

D:/code/agdevops/frontend/src/components/cmdb/CmdbTopologyCanvas.vue
1065|  })
1066|  
1067|  defineExpose({ fitView })
   |                             ^
1068|  </script>
   |  ^
1069|  [39m
  Plugin: [35mvite:vue[39m
  File: [36mD:/code/agdevops/frontend/src/components/cmdb/CmdbTopologyCanvas.vue[39m:1017:0
[33m  1016|    const worldPoint = localToWorld(localPoint)
  1017|    const factor = event.deltaY < 0 ? 1.08 : 0.92
  1018|    const nextScale = Math.min(1.8, Math.max(0.45, viewport.value.scale * factor))
     |                                                    ^
  1019|  
  1020|    viewport.value = {[39m
      at constructor (D:\code\agdevops\frontend\node_modules\@babel\parser\lib\index.js:365:19)
      at Parser.raise (D:\code\agdevops\frontend\node_modules\@babel\parser\lib\index.js:6599:19)
      at Parser.unexpected (D:\code\agdevops\frontend\node_modules\@babel\parser\lib\index.js:6619:16)
      at Parser.parseExprAtom (D:\code\agdevops\frontend\node_modules\@babel\parser\lib\index.js:11442:22)
      at Parser.parseExprSubscripts (D:\code\agdevops\frontend\node_modules\@babel\parser\lib\index.js:11081:23)
      at Parser.parseUpdate (D:\code\agdevops\frontend\node_modules\@babel\parser\lib\index.js:11066:21)
      at Parser.parseMaybeUnary (D:\code\agdevops\frontend\node_modules\@babel\parser\lib\index.js:11046:23)
      at Parser.parseMaybeUnaryOrPrivate (D:\code\agdevops\frontend\node_modules\@babel\parser\lib\index.js:10899:61)
      at Parser.parseExprOps (D:\code\agdevops\frontend\node_modules\@babel\parser\lib\index.js:10904:23)
      at Parser.parseMaybeConditional (D:\code\agdevops\frontend\node_modules\@babel\parser\lib\index.js:10881:23)
[2m18:27:01[22m [31m[1m[vite][22m[39m [31mInternal server error: [vue/compiler-sfc] Unexpected token (1017:0)

D:/code/agdevops/frontend/src/components/cmdb/CmdbTopologyCanvas.vue
1065|  })
1066|  
1067|  defineExpose({ fitView })
   |                             ^
1068|  </script>
   |  ^
1069|  [39m
  Plugin: [35mvite:vue[39m
  File: [36mD:/code/agdevops/frontend/src/components/cmdb/CmdbTopologyCanvas.vue[39m:1017:0
[33m  1016|    const worldPoint = localToWorld(localPoint)
  1017|    const factor = event.deltaY < 0 ? 1.08 : 0.92
  1018|    const nextScale = Math.min(1.8, Math.max(0.45, viewport.value.scale * factor))
     |                                                    ^
  1019|  
  1020|    viewport.value = {[39m
      at constructor (D:\code\agdevops\frontend\node_modules\@babel\parser\lib\index.js:365:19)
      at Parser.raise (D:\code\agdevops\frontend\node_modules\@babel\parser\lib\index.js:6599:19)
      at Parser.unexpected (D:\code\agdevops\frontend\node_modules\@babel\parser\lib\index.js:6619:16)
      at Parser.parseExprAtom (D:\code\agdevops\frontend\node_modules\@babel\parser\lib\index.js:11442:22)
      at Parser.parseExprSubscripts (D:\code\agdevops\frontend\node_modules\@babel\parser\lib\index.js:11081:23)
      at Parser.parseUpdate (D:\code\agdevops\frontend\node_modules\@babel\parser\lib\index.js:11066:21)
      at Parser.parseMaybeUnary (D:\code\agdevops\frontend\node_modules\@babel\parser\lib\index.js:11046:23)
      at Parser.parseMaybeUnaryOrPrivate (D:\code\agdevops\frontend\node_modules\@babel\parser\lib\index.js:10899:61)
      at Parser.parseExprOps (D:\code\agdevops\frontend\node_modules\@babel\parser\lib\index.js:10904:23)
      at Parser.parseMaybeConditional (D:\code\agdevops\frontend\node_modules\@babel\parser\lib\index.js:10881:23)
[2m18:27:03[22m [31m[1m[vite][22m[39m [31mInternal server error: [vue/compiler-sfc] Unexpected token (1017:0)

D:/code/agdevops/frontend/src/components/cmdb/CmdbTopologyCanvas.vue
1065|  })
1066|  
1067|  defineExpose({ fitView })
   |                             ^
1068|  </script>
   |  ^
1069|  [39m
  Plugin: [35mvite:vue[39m
  File: [36mD:/code/agdevops/frontend/src/components/cmdb/CmdbTopologyCanvas.vue[39m:1017:0
[33m  1016|    const worldPoint = localToWorld(localPoint)
  1017|    const factor = event.deltaY < 0 ? 1.08 : 0.92
  1018|    const nextScale = Math.min(1.8, Math.max(0.45, viewport.value.scale * factor))
     |                                                    ^
  1019|  
  1020|    viewport.value = {[39m
      at constructor (D:\code\agdevops\frontend\node_modules\@babel\parser\lib\index.js:365:19)
      at Parser.raise (D:\code\agdevops\frontend\node_modules\@babel\parser\lib\index.js:6599:19)
      at Parser.unexpected (D:\code\agdevops\frontend\node_modules\@babel\parser\lib\index.js:6619:16)
      at Parser.parseExprAtom (D:\code\agdevops\frontend\node_modules\@babel\parser\lib\index.js:11442:22)
      at Parser.parseExprSubscripts (D:\code\agdevops\frontend\node_modules\@babel\parser\lib\index.js:11081:23)
      at Parser.parseUpdate (D:\code\agdevops\frontend\node_modules\@babel\parser\lib\index.js:11066:21)
      at Parser.parseMaybeUnary (D:\code\agdevops\frontend\node_modules\@babel\parser\lib\index.js:11046:23)
      at Parser.parseMaybeUnaryOrPrivate (D:\code\agdevops\frontend\node_modules\@babel\parser\lib\index.js:10899:61)
      at Parser.parseExprOps (D:\code\agdevops\frontend\node_modules\@babel\parser\lib\index.js:10904:23)
      at Parser.parseMaybeConditional (D:\code\agdevops\frontend\node_modules\@babel\parser\lib\index.js:10881:23)
[2m18:27:05[22m [31m[1m[vite][22m[39m [31mInternal server error: [vue/compiler-sfc] Unexpected token (1017:0)

D:/code/agdevops/frontend/src/components/cmdb/CmdbTopologyCanvas.vue
1065|  })
1066|  
1067|  defineExpose({ fitView })
   |                             ^
1068|  </script>
   |  ^
1069|  [39m
  Plugin: [35mvite:vue[39m
  File: [36mD:/code/agdevops/frontend/src/components/cmdb/CmdbTopologyCanvas.vue[39m:1017:0
[33m  1016|    const worldPoint = localToWorld(localPoint)
  1017|    const factor = event.deltaY < 0 ? 1.08 : 0.92
  1018|    const nextScale = Math.min(1.8, Math.max(0.45, viewport.value.scale * factor))
     |                                                    ^
  1019|  
  1020|    viewport.value = {[39m
      at constructor (D:\code\agdevops\frontend\node_modules\@babel\parser\lib\index.js:365:19)
      at Parser.raise (D:\code\agdevops\frontend\node_modules\@babel\parser\lib\index.js:6599:19)
      at Parser.unexpected (D:\code\agdevops\frontend\node_modules\@babel\parser\lib\index.js:6619:16)
      at Parser.parseExprAtom (D:\code\agdevops\frontend\node_modules\@babel\parser\lib\index.js:11442:22)
      at Parser.parseExprSubscripts (D:\code\agdevops\frontend\node_modules\@babel\parser\lib\index.js:11081:23)
      at Parser.parseUpdate (D:\code\agdevops\frontend\node_modules\@babel\parser\lib\index.js:11066:21)
      at Parser.parseMaybeUnary (D:\code\agdevops\frontend\node_modules\@babel\parser\lib\index.js:11046:23)
      at Parser.parseMaybeUnaryOrPrivate (D:\code\agdevops\frontend\node_modules\@babel\parser\lib\index.js:10899:61)
      at Parser.parseExprOps (D:\code\agdevops\frontend\node_modules\@babel\parser\lib\index.js:10904:23)
      at Parser.parseMaybeConditional (D:\code\agdevops\frontend\node_modules\@babel\parser\lib\index.js:10881:23)
[2m18:27:07[22m [31m[1m[vite][22m[39m [31mInternal server error: [vue/compiler-sfc] Unexpected token (1017:0)

D:/code/agdevops/frontend/src/components/cmdb/CmdbTopologyCanvas.vue
1065|  })
1066|  
1067|  defineExpose({ fitView })
   |                             ^
1068|  </script>
   |  ^
1069|  [39m
  Plugin: [35mvite:vue[39m
  File: [36mD:/code/agdevops/frontend/src/components/cmdb/CmdbTopologyCanvas.vue[39m:1017:0
[33m  1016|    const worldPoint = localToWorld(localPoint)
  1017|    const factor = event.deltaY < 0 ? 1.08 : 0.92
  1018|    const nextScale = Math.min(1.8, Math.max(0.45, viewport.value.scale * factor))
     |                                                    ^
  1019|  
  1020|    viewport.value = {[39m
      at constructor (D:\code\agdevops\frontend\node_modules\@babel\parser\lib\index.js:365:19)
      at Parser.raise (D:\code\agdevops\frontend\node_modules\@babel\parser\lib\index.js:6599:19)
      at Parser.unexpected (D:\code\agdevops\frontend\node_modules\@babel\parser\lib\index.js:6619:16)
      at Parser.parseExprAtom (D:\code\agdevops\frontend\node_modules\@babel\parser\lib\index.js:11442:22)
      at Parser.parseExprSubscripts (D:\code\agdevops\frontend\node_modules\@babel\parser\lib\index.js:11081:23)
      at Parser.parseUpdate (D:\code\agdevops\frontend\node_modules\@babel\parser\lib\index.js:11066:21)
      at Parser.parseMaybeUnary (D:\code\agdevops\frontend\node_modules\@babel\parser\lib\index.js:11046:23)
      at Parser.parseMaybeUnaryOrPrivate (D:\code\agdevops\frontend\node_modules\@babel\parser\lib\index.js:10899:61)
      at Parser.parseExprOps (D:\code\agdevops\frontend\node_modules\@babel\parser\lib\index.js:10904:23)
      at Parser.parseMaybeConditional (D:\code\agdevops\frontend\node_modules\@babel\parser\lib\index.js:10881:23)
[2m18:27:09[22m [31m[1m[vite][22m[39m [31mInternal server error: [vue/compiler-sfc] Unexpected token (1017:0)

D:/code/agdevops/frontend/src/components/cmdb/CmdbTopologyCanvas.vue
1065|  })
1066|  
1067|  defineExpose({ fitView })
   |                             ^
1068|  </script>
   |  ^
1069|  [39m
  Plugin: [35mvite:vue[39m
  File: [36mD:/code/agdevops/frontend/src/components/cmdb/CmdbTopologyCanvas.vue[39m:1017:0
[33m  1016|    const worldPoint = localToWorld(localPoint)
  1017|    const factor = event.deltaY < 0 ? 1.08 : 0.92
  1018|    const nextScale = Math.min(1.8, Math.max(0.45, viewport.value.scale * factor))
     |                                                    ^
  1019|  
  1020|    viewport.value = {[39m
      at constructor (D:\code\agdevops\frontend\node_modules\@babel\parser\lib\index.js:365:19)
      at Parser.raise (D:\code\agdevops\frontend\node_modules\@babel\parser\lib\index.js:6599:19)
      at Parser.unexpected (D:\code\agdevops\frontend\node_modules\@babel\parser\lib\index.js:6619:16)
      at Parser.parseExprAtom (D:\code\agdevops\frontend\node_modules\@babel\parser\lib\index.js:11442:22)
      at Parser.parseExprSubscripts (D:\code\agdevops\frontend\node_modules\@babel\parser\lib\index.js:11081:23)
      at Parser.parseUpdate (D:\code\agdevops\frontend\node_modules\@babel\parser\lib\index.js:11066:21)
      at Parser.parseMaybeUnary (D:\code\agdevops\frontend\node_modules\@babel\parser\lib\index.js:11046:23)
      at Parser.parseMaybeUnaryOrPrivate (D:\code\agdevops\frontend\node_modules\@babel\parser\lib\index.js:10899:61)
      at Parser.parseExprOps (D:\code\agdevops\frontend\node_modules\@babel\parser\lib\index.js:10904:23)
      at Parser.parseMaybeConditional (D:\code\agdevops\frontend\node_modules\@babel\parser\lib\index.js:10881:23)
[2m18:27:10[22m [31m[1m[vite][22m[39m [31mInternal server error: [vue/compiler-sfc] Unexpected token (1017:0)

D:/code/agdevops/frontend/src/components/cmdb/CmdbTopologyCanvas.vue
1065|  })
1066|  
1067|  defineExpose({ fitView })
   |                             ^
1068|  </script>
   |  ^
1069|  [39m
  Plugin: [35mvite:vue[39m
  File: [36mD:/code/agdevops/frontend/src/components/cmdb/CmdbTopologyCanvas.vue[39m:1017:0
[33m  1016|    const worldPoint = localToWorld(localPoint)
  1017|    const factor = event.deltaY < 0 ? 1.08 : 0.92
  1018|    const nextScale = Math.min(1.8, Math.max(0.45, viewport.value.scale * factor))
     |                                                    ^
  1019|  
  1020|    viewport.value = {[39m
      at constructor (D:\code\agdevops\frontend\node_modules\@babel\parser\lib\index.js:365:19)
      at Parser.raise (D:\code\agdevops\frontend\node_modules\@babel\parser\lib\index.js:6599:19)
      at Parser.unexpected (D:\code\agdevops\frontend\node_modules\@babel\parser\lib\index.js:6619:16)
      at Parser.parseExprAtom (D:\code\agdevops\frontend\node_modules\@babel\parser\lib\index.js:11442:22)
      at Parser.parseExprSubscripts (D:\code\agdevops\frontend\node_modules\@babel\parser\lib\index.js:11081:23)
      at Parser.parseUpdate (D:\code\agdevops\frontend\node_modules\@babel\parser\lib\index.js:11066:21)
      at Parser.parseMaybeUnary (D:\code\agdevops\frontend\node_modules\@babel\parser\lib\index.js:11046:23)
      at Parser.parseMaybeUnaryOrPrivate (D:\code\agdevops\frontend\node_modules\@babel\parser\lib\index.js:10899:61)
      at Parser.parseExprOps (D:\code\agdevops\frontend\node_modules\@babel\parser\lib\index.js:10904:23)
      at Parser.parseMaybeConditional (D:\code\agdevops\frontend\node_modules\@babel\parser\lib\index.js:10881:23)
[2m18:27:12[22m [31m[1m[vite][22m[39m [31mInternal server error: [vue/compiler-sfc] Unexpected token (1017:0)

D:/code/agdevops/frontend/src/components/cmdb/CmdbTopologyCanvas.vue
1065|  })
1066|  
1067|  defineExpose({ fitView })
   |                             ^
1068|  </script>
   |  ^
1069|  [39m
  Plugin: [35mvite:vue[39m
  File: [36mD:/code/agdevops/frontend/src/components/cmdb/CmdbTopologyCanvas.vue[39m:1017:0
[33m  1016|    const worldPoint = localToWorld(localPoint)
  1017|    const factor = event.deltaY < 0 ? 1.08 : 0.92
  1018|    const nextScale = Math.min(1.8, Math.max(0.45, viewport.value.scale * factor))
     |                                                    ^
  1019|  
  1020|    viewport.value = {[39m
      at constructor (D:\code\agdevops\frontend\node_modules\@babel\parser\lib\index.js:365:19)
      at Parser.raise (D:\code\agdevops\frontend\node_modules\@babel\parser\lib\index.js:6599:19)
      at Parser.unexpected (D:\code\agdevops\frontend\node_modules\@babel\parser\lib\index.js:6619:16)
      at Parser.parseExprAtom (D:\code\agdevops\frontend\node_modules\@babel\parser\lib\index.js:11442:22)
      at Parser.parseExprSubscripts (D:\code\agdevops\frontend\node_modules\@babel\parser\lib\index.js:11081:23)
      at Parser.parseUpdate (D:\code\agdevops\frontend\node_modules\@babel\parser\lib\index.js:11066:21)
      at Parser.parseMaybeUnary (D:\code\agdevops\frontend\node_modules\@babel\parser\lib\index.js:11046:23)
      at Parser.parseMaybeUnaryOrPrivate (D:\code\agdevops\frontend\node_modules\@babel\parser\lib\index.js:10899:61)
      at Parser.parseExprOps (D:\code\agdevops\frontend\node_modules\@babel\parser\lib\index.js:10904:23)
      at Parser.parseMaybeConditional (D:\code\agdevops\frontend\node_modules\@babel\parser\lib\index.js:10881:23)
[2m18:27:13[22m [31m[1m[vite][22m[39m [31mInternal server error: [vue/compiler-sfc] Unexpected token (1017:0)

D:/code/agdevops/frontend/src/components/cmdb/CmdbTopologyCanvas.vue
1065|  })
1066|  
1067|  defineExpose({ fitView })
   |                             ^
1068|  </script>
   |  ^
1069|  [39m
  Plugin: [35mvite:vue[39m
  File: [36mD:/code/agdevops/frontend/src/components/cmdb/CmdbTopologyCanvas.vue[39m:1017:0
[33m  1016|    const worldPoint = localToWorld(localPoint)
  1017|    const factor = event.deltaY < 0 ? 1.08 : 0.92
  1018|    const nextScale = Math.min(1.8, Math.max(0.45, viewport.value.scale * factor))
     |                                                    ^
  1019|  
  1020|    viewport.value = {[39m
      at constructor (D:\code\agdevops\frontend\node_modules\@babel\parser\lib\index.js:365:19)
      at Parser.raise (D:\code\agdevops\frontend\node_modules\@babel\parser\lib\index.js:6599:19)
      at Parser.unexpected (D:\code\agdevops\frontend\node_modules\@babel\parser\lib\index.js:6619:16)
      at Parser.parseExprAtom (D:\code\agdevops\frontend\node_modules\@babel\parser\lib\index.js:11442:22)
      at Parser.parseExprSubscripts (D:\code\agdevops\frontend\node_modules\@babel\parser\lib\index.js:11081:23)
      at Parser.parseUpdate (D:\code\agdevops\frontend\node_modules\@babel\parser\lib\index.js:11066:21)
      at Parser.parseMaybeUnary (D:\code\agdevops\frontend\node_modules\@babel\parser\lib\index.js:11046:23)
      at Parser.parseMaybeUnaryOrPrivate (D:\code\agdevops\frontend\node_modules\@babel\parser\lib\index.js:10899:61)
      at Parser.parseExprOps (D:\code\agdevops\frontend\node_modules\@babel\parser\lib\index.js:10904:23)
      at Parser.parseMaybeConditional (D:\code\agdevops\frontend\node_modules\@babel\parser\lib\index.js:10881:23)
[2m18:27:15[22m [31m[1m[vite][22m[39m [31mInternal server error: [vue/compiler-sfc] Unexpected token (1017:0)

D:/code/agdevops/frontend/src/components/cmdb/CmdbTopologyCanvas.vue
1065|  })
1066|  
1067|  defineExpose({ fitView })
   |                             ^
1068|  </script>
   |  ^
1069|  [39m
  Plugin: [35mvite:vue[39m
  File: [36mD:/code/agdevops/frontend/src/components/cmdb/CmdbTopologyCanvas.vue[39m:1017:0
[33m  1016|    const worldPoint = localToWorld(localPoint)
  1017|    const factor = event.deltaY < 0 ? 1.08 : 0.92
  1018|    const nextScale = Math.min(1.8, Math.max(0.45, viewport.value.scale * factor))
     |                                                    ^
  1019|  
  1020|    viewport.value = {[39m
      at constructor (D:\code\agdevops\frontend\node_modules\@babel\parser\lib\index.js:365:19)
      at Parser.raise (D:\code\agdevops\frontend\node_modules\@babel\parser\lib\index.js:6599:19)
      at Parser.unexpected (D:\code\agdevops\frontend\node_modules\@babel\parser\lib\index.js:6619:16)
      at Parser.parseExprAtom (D:\code\agdevops\frontend\node_modules\@babel\parser\lib\index.js:11442:22)
      at Parser.parseExprSubscripts (D:\code\agdevops\frontend\node_modules\@babel\parser\lib\index.js:11081:23)
      at Parser.parseUpdate (D:\code\agdevops\frontend\node_modules\@babel\parser\lib\index.js:11066:21)
      at Parser.parseMaybeUnary (D:\code\agdevops\frontend\node_modules\@babel\parser\lib\index.js:11046:23)
      at Parser.parseMaybeUnaryOrPrivate (D:\code\agdevops\frontend\node_modules\@babel\parser\lib\index.js:10899:61)
      at Parser.parseExprOps (D:\code\agdevops\frontend\node_modules\@babel\parser\lib\index.js:10904:23)
      at Parser.parseMaybeConditional (D:\code\agdevops\frontend\node_modules\@babel\parser\lib\index.js:10881:23)
[2m18:27:16[22m [31m[1m[vite][22m[39m [31mInternal server error: [vue/compiler-sfc] Unexpected token (1017:0)

D:/code/agdevops/frontend/src/components/cmdb/CmdbTopologyCanvas.vue
1065|  })
1066|  
1067|  defineExpose({ fitView })
   |                             ^
1068|  </script>
   |  ^
1069|  [39m
  Plugin: [35mvite:vue[39m
  File: [36mD:/code/agdevops/frontend/src/components/cmdb/CmdbTopologyCanvas.vue[39m:1017:0
[33m  1016|    const worldPoint = localToWorld(localPoint)
  1017|    const factor = event.deltaY < 0 ? 1.08 : 0.92
  1018|    const nextScale = Math.min(1.8, Math.max(0.45, viewport.value.scale * factor))
     |                                                    ^
  1019|  
  1020|    viewport.value = {[39m
      at constructor (D:\code\agdevops\frontend\node_modules\@babel\parser\lib\index.js:365:19)
      at Parser.raise (D:\code\agdevops\frontend\node_modules\@babel\parser\lib\index.js:6599:19)
      at Parser.unexpected (D:\code\agdevops\frontend\node_modules\@babel\parser\lib\index.js:6619:16)
      at Parser.parseExprAtom (D:\code\agdevops\frontend\node_modules\@babel\parser\lib\index.js:11442:22)
      at Parser.parseExprSubscripts (D:\code\agdevops\frontend\node_modules\@babel\parser\lib\index.js:11081:23)
      at Parser.parseUpdate (D:\code\agdevops\frontend\node_modules\@babel\parser\lib\index.js:11066:21)
      at Parser.parseMaybeUnary (D:\code\agdevops\frontend\node_modules\@babel\parser\lib\index.js:11046:23)
      at Parser.parseMaybeUnaryOrPrivate (D:\code\agdevops\frontend\node_modules\@babel\parser\lib\index.js:10899:61)
      at Parser.parseExprOps (D:\code\agdevops\frontend\node_modules\@babel\parser\lib\index.js:10904:23)
      at Parser.parseMaybeConditional (D:\code\agdevops\frontend\node_modules\@babel\parser\lib\index.js:10881:23)
[2m18:28:04[22m [31m[1m[vite][22m[39m [31mInternal server error: [vue/compiler-sfc] Unexpected token (1017:0)

D:/code/agdevops/frontend/src/components/cmdb/CmdbTopologyCanvas.vue
1065|  })
1066|  
1067|  defineExpose({ fitView })
   |                             ^
1068|  </script>
   |  ^
1069|  [39m
  Plugin: [35mvite:vue[39m
  File: [36mD:/code/agdevops/frontend/src/components/cmdb/CmdbTopologyCanvas.vue[39m:1017:0
[33m  1016|    const worldPoint = localToWorld(localPoint)
  1017|    const factor = event.deltaY < 0 ? 1.08 : 0.92
  1018|    const nextScale = Math.min(1.8, Math.max(0.45, viewport.value.scale * factor))
     |                                                    ^
  1019|  
  1020|    viewport.value = {[39m
      at constructor (D:\code\agdevops\frontend\node_modules\@babel\parser\lib\index.js:365:19)
      at Parser.raise (D:\code\agdevops\frontend\node_modules\@babel\parser\lib\index.js:6599:19)
      at Parser.unexpected (D:\code\agdevops\frontend\node_modules\@babel\parser\lib\index.js:6619:16)
      at Parser.parseExprAtom (D:\code\agdevops\frontend\node_modules\@babel\parser\lib\index.js:11442:22)
      at Parser.parseExprSubscripts (D:\code\agdevops\frontend\node_modules\@babel\parser\lib\index.js:11081:23)
      at Parser.parseUpdate (D:\code\agdevops\frontend\node_modules\@babel\parser\lib\index.js:11066:21)
      at Parser.parseMaybeUnary (D:\code\agdevops\frontend\node_modules\@babel\parser\lib\index.js:11046:23)
      at Parser.parseMaybeUnaryOrPrivate (D:\code\agdevops\frontend\node_modules\@babel\parser\lib\index.js:10899:61)
      at Parser.parseExprOps (D:\code\agdevops\frontend\node_modules\@babel\parser\lib\index.js:10904:23)
      at Parser.parseMaybeConditional (D:\code\agdevops\frontend\node_modules\@babel\parser\lib\index.js:10881:23)
[2m18:28:05[22m [31m[1m[vite][22m[39m [31mInternal server error: [vue/compiler-sfc] Unexpected token (1017:0)

D:/code/agdevops/frontend/src/components/cmdb/CmdbTopologyCanvas.vue
1065|  })
1066|  
1067|  defineExpose({ fitView })
   |                             ^
1068|  </script>
   |  ^
1069|  [39m
  Plugin: [35mvite:vue[39m
  File: [36mD:/code/agdevops/frontend/src/components/cmdb/CmdbTopologyCanvas.vue[39m:1017:0
[33m  1016|    const worldPoint = localToWorld(localPoint)
  1017|    const factor = event.deltaY < 0 ? 1.08 : 0.92
  1018|    const nextScale = Math.min(1.8, Math.max(0.45, viewport.value.scale * factor))
     |                                                    ^
  1019|  
  1020|    viewport.value = {[39m
      at constructor (D:\code\agdevops\frontend\node_modules\@babel\parser\lib\index.js:365:19)
      at Parser.raise (D:\code\agdevops\frontend\node_modules\@babel\parser\lib\index.js:6599:19)
      at Parser.unexpected (D:\code\agdevops\frontend\node_modules\@babel\parser\lib\index.js:6619:16)
      at Parser.parseExprAtom (D:\code\agdevops\frontend\node_modules\@babel\parser\lib\index.js:11442:22)
      at Parser.parseExprSubscripts (D:\code\agdevops\frontend\node_modules\@babel\parser\lib\index.js:11081:23)
      at Parser.parseUpdate (D:\code\agdevops\frontend\node_modules\@babel\parser\lib\index.js:11066:21)
      at Parser.parseMaybeUnary (D:\code\agdevops\frontend\node_modules\@babel\parser\lib\index.js:11046:23)
      at Parser.parseMaybeUnaryOrPrivate (D:\code\agdevops\frontend\node_modules\@babel\parser\lib\index.js:10899:61)
      at Parser.parseExprOps (D:\code\agdevops\frontend\node_modules\@babel\parser\lib\index.js:10904:23)
      at Parser.parseMaybeConditional (D:\code\agdevops\frontend\node_modules\@babel\parser\lib\index.js:10881:23)
[2m18:28:20[22m [31m[1m[vite][22m[39m [31m[2m(client)[22m[39m Pre-transform error: [vue/compiler-sfc] Unexpected token (1010:0)

D:/code/agdevops/frontend/src/components/cmdb/CmdbTopologyCanvas.vue
1058|  })
1059|  
1060|  defineExpose({ fitView })
   |                             ^
1061|  </script>
   |  ^
1062|  
  Plugin: [35mvite:vue[39m
  File: [36mD:/code/agdevops/frontend/src/components/cmdb/CmdbTopologyCanvas.vue[39m:1010:0
[33m  1009|    const worldPoint = localToWorld(localPoint)
  1010|    const factor = event.deltaY < 0 ? 1.08 : 0.92
  1011|    const nextScale = Math.min(1.8, Math.max(0.45, viewport.value.scale * factor))
     |                                             ^
  1012|  
  1013|    viewport.value = {[39m
[2m18:28:20[22m [31m[1m[vite][22m[39m [31mInternal server error: [vue/compiler-sfc] Unexpected token (1010:0)

D:/code/agdevops/frontend/src/components/cmdb/CmdbTopologyCanvas.vue
1058|  })
1059|  
1060|  defineExpose({ fitView })
   |                             ^
1061|  </script>
   |  ^
1062|  [39m
  Plugin: [35mvite:vue[39m
  File: [36mD:/code/agdevops/frontend/src/components/cmdb/CmdbTopologyCanvas.vue[39m:1010:0
[33m  1009|    const worldPoint = localToWorld(localPoint)
  1010|    const factor = event.deltaY < 0 ? 1.08 : 0.92
  1011|    const nextScale = Math.min(1.8, Math.max(0.45, viewport.value.scale * factor))
     |                                             ^
  1012|  
  1013|    viewport.value = {[39m
      at constructor (D:\code\agdevops\frontend\node_modules\@babel\parser\lib\index.js:365:19)
      at Parser.raise (D:\code\agdevops\frontend\node_modules\@babel\parser\lib\index.js:6599:19)
      at Parser.unexpected (D:\code\agdevops\frontend\node_modules\@babel\parser\lib\index.js:6619:16)
      at Parser.parseExprAtom (D:\code\agdevops\frontend\node_modules\@babel\parser\lib\index.js:11442:22)
      at Parser.parseExprSubscripts (D:\code\agdevops\frontend\node_modules\@babel\parser\lib\index.js:11081:23)
      at Parser.parseUpdate (D:\code\agdevops\frontend\node_modules\@babel\parser\lib\index.js:11066:21)
      at Parser.parseMaybeUnary (D:\code\agdevops\frontend\node_modules\@babel\parser\lib\index.js:11046:23)
      at Parser.parseMaybeUnaryOrPrivate (D:\code\agdevops\frontend\node_modules\@babel\parser\lib\index.js:10899:61)
      at Parser.parseExprOps (D:\code\agdevops\frontend\node_modules\@babel\parser\lib\index.js:10904:23)
      at Parser.parseMaybeConditional (D:\code\agdevops\frontend\node_modules\@babel\parser\lib\index.js:10881:23)
[2m18:28:21[22m [31m[1m[vite][22m[39m [31mInternal server error: [vue/compiler-sfc] Unexpected token (1010:0)

D:/code/agdevops/frontend/src/components/cmdb/CmdbTopologyCanvas.vue
1058|  })
1059|  
1060|  defineExpose({ fitView })
   |                             ^
1061|  </script>
   |  ^
1062|  [39m
  Plugin: [35mvite:vue[39m
  File: [36mD:/code/agdevops/frontend/src/components/cmdb/CmdbTopologyCanvas.vue[39m:1010:0
[33m  1009|    const worldPoint = localToWorld(localPoint)
  1010|    const factor = event.deltaY < 0 ? 1.08 : 0.92
  1011|    const nextScale = Math.min(1.8, Math.max(0.45, viewport.value.scale * factor))
     |                                             ^
  1012|  
  1013|    viewport.value = {[39m
      at constructor (D:\code\agdevops\frontend\node_modules\@babel\parser\lib\index.js:365:19)
      at Parser.raise (D:\code\agdevops\frontend\node_modules\@babel\parser\lib\index.js:6599:19)
      at Parser.unexpected (D:\code\agdevops\frontend\node_modules\@babel\parser\lib\index.js:6619:16)
      at Parser.parseExprAtom (D:\code\agdevops\frontend\node_modules\@babel\parser\lib\index.js:11442:22)
      at Parser.parseExprSubscripts (D:\code\agdevops\frontend\node_modules\@babel\parser\lib\index.js:11081:23)
      at Parser.parseUpdate (D:\code\agdevops\frontend\node_modules\@babel\parser\lib\index.js:11066:21)
      at Parser.parseMaybeUnary (D:\code\agdevops\frontend\node_modules\@babel\parser\lib\index.js:11046:23)
      at Parser.parseMaybeUnaryOrPrivate (D:\code\agdevops\frontend\node_modules\@babel\parser\lib\index.js:10899:61)
      at Parser.parseExprOps (D:\code\agdevops\frontend\node_modules\@babel\parser\lib\index.js:10904:23)
      at Parser.parseMaybeConditional (D:\code\agdevops\frontend\node_modules\@babel\parser\lib\index.js:10881:23)
[2m18:28:22[22m [31m[1m[vite][22m[39m [31mInternal server error: [vue/compiler-sfc] Unexpected token (1010:0)

D:/code/agdevops/frontend/src/components/cmdb/CmdbTopologyCanvas.vue
1058|  })
1059|  
1060|  defineExpose({ fitView })
   |                             ^
1061|  </script>
   |  ^
1062|  [39m
  Plugin: [35mvite:vue[39m
  File: [36mD:/code/agdevops/frontend/src/components/cmdb/CmdbTopologyCanvas.vue[39m:1010:0
[33m  1009|    const worldPoint = localToWorld(localPoint)
  1010|    const factor = event.deltaY < 0 ? 1.08 : 0.92
  1011|    const nextScale = Math.min(1.8, Math.max(0.45, viewport.value.scale * factor))
     |                                             ^
  1012|  
  1013|    viewport.value = {[39m
      at constructor (D:\code\agdevops\frontend\node_modules\@babel\parser\lib\index.js:365:19)
      at Parser.raise (D:\code\agdevops\frontend\node_modules\@babel\parser\lib\index.js:6599:19)
      at Parser.unexpected (D:\code\agdevops\frontend\node_modules\@babel\parser\lib\index.js:6619:16)
      at Parser.parseExprAtom (D:\code\agdevops\frontend\node_modules\@babel\parser\lib\index.js:11442:22)
      at Parser.parseExprSubscripts (D:\code\agdevops\frontend\node_modules\@babel\parser\lib\index.js:11081:23)
      at Parser.parseUpdate (D:\code\agdevops\frontend\node_modules\@babel\parser\lib\index.js:11066:21)
      at Parser.parseMaybeUnary (D:\code\agdevops\frontend\node_modules\@babel\parser\lib\index.js:11046:23)
      at Parser.parseMaybeUnaryOrPrivate (D:\code\agdevops\frontend\node_modules\@babel\parser\lib\index.js:10899:61)
      at Parser.parseExprOps (D:\code\agdevops\frontend\node_modules\@babel\parser\lib\index.js:10904:23)
      at Parser.parseMaybeConditional (D:\code\agdevops\frontend\node_modules\@babel\parser\lib\index.js:10881:23)
[2m18:28:22[22m [31m[1m[vite][22m[39m [31mInternal server error: [vue/compiler-sfc] Unexpected token (1010:0)

D:/code/agdevops/frontend/src/components/cmdb/CmdbTopologyCanvas.vue
1058|  })
1059|  
1060|  defineExpose({ fitView })
   |                             ^
1061|  </script>
   |  ^
1062|  [39m
  Plugin: [35mvite:vue[39m
  File: [36mD:/code/agdevops/frontend/src/components/cmdb/CmdbTopologyCanvas.vue[39m:1010:0
[33m  1009|    const worldPoint = localToWorld(localPoint)
  1010|    const factor = event.deltaY < 0 ? 1.08 : 0.92
  1011|    const nextScale = Math.min(1.8, Math.max(0.45, viewport.value.scale * factor))
     |                                             ^
  1012|  
  1013|    viewport.value = {[39m
      at constructor (D:\code\agdevops\frontend\node_modules\@babel\parser\lib\index.js:365:19)
      at Parser.raise (D:\code\agdevops\frontend\node_modules\@babel\parser\lib\index.js:6599:19)
      at Parser.unexpected (D:\code\agdevops\frontend\node_modules\@babel\parser\lib\index.js:6619:16)
      at Parser.parseExprAtom (D:\code\agdevops\frontend\node_modules\@babel\parser\lib\index.js:11442:22)
      at Parser.parseExprSubscripts (D:\code\agdevops\frontend\node_modules\@babel\parser\lib\index.js:11081:23)
      at Parser.parseUpdate (D:\code\agdevops\frontend\node_modules\@babel\parser\lib\index.js:11066:21)
      at Parser.parseMaybeUnary (D:\code\agdevops\frontend\node_modules\@babel\parser\lib\index.js:11046:23)
      at Parser.parseMaybeUnaryOrPrivate (D:\code\agdevops\frontend\node_modules\@babel\parser\lib\index.js:10899:61)
      at Parser.parseExprOps (D:\code\agdevops\frontend\node_modules\@babel\parser\lib\index.js:10904:23)
      at Parser.parseMaybeConditional (D:\code\agdevops\frontend\node_modules\@babel\parser\lib\index.js:10881:23)
[2m18:28:23[22m [31m[1m[vite][22m[39m [31mInternal server error: [vue/compiler-sfc] Unexpected token (1010:0)

D:/code/agdevops/frontend/src/components/cmdb/CmdbTopologyCanvas.vue
1058|  })
1059|  
1060|  defineExpose({ fitView })
   |                             ^
1061|  </script>
   |  ^
1062|  [39m
  Plugin: [35mvite:vue[39m
  File: [36mD:/code/agdevops/frontend/src/components/cmdb/CmdbTopologyCanvas.vue[39m:1010:0
[33m  1009|    const worldPoint = localToWorld(localPoint)
  1010|    const factor = event.deltaY < 0 ? 1.08 : 0.92
  1011|    const nextScale = Math.min(1.8, Math.max(0.45, viewport.value.scale * factor))
     |                                             ^
  1012|  
  1013|    viewport.value = {[39m
      at constructor (D:\code\agdevops\frontend\node_modules\@babel\parser\lib\index.js:365:19)
      at Parser.raise (D:\code\agdevops\frontend\node_modules\@babel\parser\lib\index.js:6599:19)
      at Parser.unexpected (D:\code\agdevops\frontend\node_modules\@babel\parser\lib\index.js:6619:16)
      at Parser.parseExprAtom (D:\code\agdevops\frontend\node_modules\@babel\parser\lib\index.js:11442:22)
      at Parser.parseExprSubscripts (D:\code\agdevops\frontend\node_modules\@babel\parser\lib\index.js:11081:23)
      at Parser.parseUpdate (D:\code\agdevops\frontend\node_modules\@babel\parser\lib\index.js:11066:21)
      at Parser.parseMaybeUnary (D:\code\agdevops\frontend\node_modules\@babel\parser\lib\index.js:11046:23)
      at Parser.parseMaybeUnaryOrPrivate (D:\code\agdevops\frontend\node_modules\@babel\parser\lib\index.js:10899:61)
      at Parser.parseExprOps (D:\code\agdevops\frontend\node_modules\@babel\parser\lib\index.js:10904:23)
      at Parser.parseMaybeConditional (D:\code\agdevops\frontend\node_modules\@babel\parser\lib\index.js:10881:23)
[2m18:28:23[22m [31m[1m[vite][22m[39m [31mInternal server error: [vue/compiler-sfc] Unexpected token (1010:0)

D:/code/agdevops/frontend/src/components/cmdb/CmdbTopologyCanvas.vue
1058|  })
1059|  
1060|  defineExpose({ fitView })
   |                             ^
1061|  </script>
   |  ^
1062|  [39m
  Plugin: [35mvite:vue[39m
  File: [36mD:/code/agdevops/frontend/src/components/cmdb/CmdbTopologyCanvas.vue[39m:1010:0
[33m  1009|    const worldPoint = localToWorld(localPoint)
  1010|    const factor = event.deltaY < 0 ? 1.08 : 0.92
  1011|    const nextScale = Math.min(1.8, Math.max(0.45, viewport.value.scale * factor))
     |                                             ^
  1012|  
  1013|    viewport.value = {[39m
      at constructor (D:\code\agdevops\frontend\node_modules\@babel\parser\lib\index.js:365:19)
      at Parser.raise (D:\code\agdevops\frontend\node_modules\@babel\parser\lib\index.js:6599:19)
      at Parser.unexpected (D:\code\agdevops\frontend\node_modules\@babel\parser\lib\index.js:6619:16)
      at Parser.parseExprAtom (D:\code\agdevops\frontend\node_modules\@babel\parser\lib\index.js:11442:22)
      at Parser.parseExprSubscripts (D:\code\agdevops\frontend\node_modules\@babel\parser\lib\index.js:11081:23)
      at Parser.parseUpdate (D:\code\agdevops\frontend\node_modules\@babel\parser\lib\index.js:11066:21)
      at Parser.parseMaybeUnary (D:\code\agdevops\frontend\node_modules\@babel\parser\lib\index.js:11046:23)
      at Parser.parseMaybeUnaryOrPrivate (D:\code\agdevops\frontend\node_modules\@babel\parser\lib\index.js:10899:61)
      at Parser.parseExprOps (D:\code\agdevops\frontend\node_modules\@babel\parser\lib\index.js:10904:23)
      at Parser.parseMaybeConditional (D:\code\agdevops\frontend\node_modules\@babel\parser\lib\index.js:10881:23)
[2m18:28:24[22m [31m[1m[vite][22m[39m [31mInternal server error: [vue/compiler-sfc] Unexpected token (1010:0)

D:/code/agdevops/frontend/src/components/cmdb/CmdbTopologyCanvas.vue
1058|  })
1059|  
1060|  defineExpose({ fitView })
   |                             ^
1061|  </script>
   |  ^
1062|  [39m
  Plugin: [35mvite:vue[39m
  File: [36mD:/code/agdevops/frontend/src/components/cmdb/CmdbTopologyCanvas.vue[39m:1010:0
[33m  1009|    const worldPoint = localToWorld(localPoint)
  1010|    const factor = event.deltaY < 0 ? 1.08 : 0.92
  1011|    const nextScale = Math.min(1.8, Math.max(0.45, viewport.value.scale * factor))
     |                                             ^
  1012|  
  1013|    viewport.value = {[39m
      at constructor (D:\code\agdevops\frontend\node_modules\@babel\parser\lib\index.js:365:19)
      at Parser.raise (D:\code\agdevops\frontend\node_modules\@babel\parser\lib\index.js:6599:19)
      at Parser.unexpected (D:\code\agdevops\frontend\node_modules\@babel\parser\lib\index.js:6619:16)
      at Parser.parseExprAtom (D:\code\agdevops\frontend\node_modules\@babel\parser\lib\index.js:11442:22)
      at Parser.parseExprSubscripts (D:\code\agdevops\frontend\node_modules\@babel\parser\lib\index.js:11081:23)
      at Parser.parseUpdate (D:\code\agdevops\frontend\node_modules\@babel\parser\lib\index.js:11066:21)
      at Parser.parseMaybeUnary (D:\code\agdevops\frontend\node_modules\@babel\parser\lib\index.js:11046:23)
      at Parser.parseMaybeUnaryOrPrivate (D:\code\agdevops\frontend\node_modules\@babel\parser\lib\index.js:10899:61)
      at Parser.parseExprOps (D:\code\agdevops\frontend\node_modules\@babel\parser\lib\index.js:10904:23)
      at Parser.parseMaybeConditional (D:\code\agdevops\frontend\node_modules\@babel\parser\lib\index.js:10881:23)
[2m18:28:24[22m [31m[1m[vite][22m[39m [31mInternal server error: [vue/compiler-sfc] Unexpected token (1010:0)

D:/code/agdevops/frontend/src/components/cmdb/CmdbTopologyCanvas.vue
1058|  })
1059|  
1060|  defineExpose({ fitView })
   |                             ^
1061|  </script>
   |  ^
1062|  [39m
  Plugin: [35mvite:vue[39m
  File: [36mD:/code/agdevops/frontend/src/components/cmdb/CmdbTopologyCanvas.vue[39m:1010:0
[33m  1009|    const worldPoint = localToWorld(localPoint)
  1010|    const factor = event.deltaY < 0 ? 1.08 : 0.92
  1011|    const nextScale = Math.min(1.8, Math.max(0.45, viewport.value.scale * factor))
     |                                             ^
  1012|  
  1013|    viewport.value = {[39m
      at constructor (D:\code\agdevops\frontend\node_modules\@babel\parser\lib\index.js:365:19)
      at Parser.raise (D:\code\agdevops\frontend\node_modules\@babel\parser\lib\index.js:6599:19)
      at Parser.unexpected (D:\code\agdevops\frontend\node_modules\@babel\parser\lib\index.js:6619:16)
      at Parser.parseExprAtom (D:\code\agdevops\frontend\node_modules\@babel\parser\lib\index.js:11442:22)
      at Parser.parseExprSubscripts (D:\code\agdevops\frontend\node_modules\@babel\parser\lib\index.js:11081:23)
      at Parser.parseUpdate (D:\code\agdevops\frontend\node_modules\@babel\parser\lib\index.js:11066:21)
      at Parser.parseMaybeUnary (D:\code\agdevops\frontend\node_modules\@babel\parser\lib\index.js:11046:23)
      at Parser.parseMaybeUnaryOrPrivate (D:\code\agdevops\frontend\node_modules\@babel\parser\lib\index.js:10899:61)
      at Parser.parseExprOps (D:\code\agdevops\frontend\node_modules\@babel\parser\lib\index.js:10904:23)
      at Parser.parseMaybeConditional (D:\code\agdevops\frontend\node_modules\@babel\parser\lib\index.js:10881:23)
[2m22:37:05[22m [31m[1m[vite][22m[39m [31m[2m(client)[22m[39m Pre-transform error: Failed to load url /src/router/index.js (resolved id: D:/code/agdevops/frontend/src/router/index.js) in D:/code/agdevops/frontend/src/main.js. Does the file exist?
[2m22:37:45[22m [31m[1m[vite][22m[39m [31m[2m(client)[22m[39m Pre-transform error: Failed to resolve import "@/views/Login.vue" from "src/router/index.js". Does the file exist?
  Plugin: [35mvite:import-analysis[39m
  File: [36mD:/code/agdevops/frontend/src/router/index.js[39m:11:29
[33m  9  |      path: '/login',
  10 |      name: 'Login',
  11 |      component: () => import('@/views/Login.vue'),
     |                              ^
  12 |      meta: { public: true, title: '登录' },
  13 |    },[39m
[2m22:37:45[22m [31m[1m[vite][22m[39m [31mInternal server error: Failed to resolve import "@/views/Login.vue" from "src/router/index.js". Does the file exist?[39m
  Plugin: [35mvite:import-analysis[39m
  File: [36mD:/code/agdevops/frontend/src/router/index.js[39m:11:29
[33m  9  |      path: '/login',
  10 |      name: 'Login',
  11 |      component: () => import('@/views/Login.vue'),
     |                              ^
  12 |      meta: { public: true, title: '登录' },
  13 |    },[39m
      at TransformPluginContext._formatLog (file:///D:/code/agdevops/frontend/node_modules/vite/dist/node/chunks/dep-D4NMHUTW.js:42528:41)
      at TransformPluginContext.error (file:///D:/code/agdevops/frontend/node_modules/vite/dist/node/chunks/dep-D4NMHUTW.js:42525:16)
      at normalizeUrl (file:///D:/code/agdevops/frontend/node_modules/vite/dist/node/chunks/dep-D4NMHUTW.js:40504:23)
      at async file:///D:/code/agdevops/frontend/node_modules/vite/dist/node/chunks/dep-D4NMHUTW.js:40623:37
      at async Promise.all (index 5)
      at async TransformPluginContext.transform (file:///D:/code/agdevops/frontend/node_modules/vite/dist/node/chunks/dep-D4NMHUTW.js:40550:7)
      at async EnvironmentPluginContainer.transform (file:///D:/code/agdevops/frontend/node_modules/vite/dist/node/chunks/dep-D4NMHUTW.js:42323:18)
      at async loadAndTransform (file:///D:/code/agdevops/frontend/node_modules/vite/dist/node/chunks/dep-D4NMHUTW.js:35739:27)
      at async viteTransformMiddleware (file:///D:/code/agdevops/frontend/node_modules/vite/dist/node/chunks/dep-D4NMHUTW.js:37254:24)
[2m23:25:56[22m [31m[1m[vite][22m[39m [31mhttp proxy error: /api/auth/login/[39m
Error: connect ECONNREFUSED 127.0.0.1:8000
    at TCPConnectWrap.afterConnect [as oncomplete] (node:net:1637:16)
[2m23:25:58[22m [31m[1m[vite][22m[39m [31mhttp proxy error: /api/auth/login/[39m
Error: connect ECONNREFUSED 127.0.0.1:8000
    at TCPConnectWrap.afterConnect [as oncomplete] (node:net:1637:16)
[2m23:26:01[22m [31m[1m[vite][22m[39m [31mhttp proxy error: /api/auth/login/[39m
Error: connect ECONNREFUSED 127.0.0.1:8000
    at TCPConnectWrap.afterConnect [as oncomplete] (node:net:1637:16)
[2m23:26:05[22m [31m[1m[vite][22m[39m [31mhttp proxy error: /api/auth/login/[39m
Error: connect ECONNREFUSED 127.0.0.1:8000
    at TCPConnectWrap.afterConnect [as oncomplete] (node:net:1637:16)
[2m23:26:10[22m [31m[1m[vite][22m[39m [31mhttp proxy error: /api/auth/login/[39m
Error: connect ECONNREFUSED 127.0.0.1:8000
    at TCPConnectWrap.afterConnect [as oncomplete] (node:net:1637:16)
